<?xml version="1.0" encoding="UTF-8"?>
<!-- Generated by org.testng.reporters.JUnitReportReporter -->
<testsuite skipped="1" hostname="PDYM25.local" name="Citygoo.Automation.Regression.mobile.Citygoo.Automation.Regression.mobile.AppiumAndroidTest" tests="2" failures="0" timestamp="25 Jan 2018 15:19:10 GMT" time="0.358" errors="1">
  <testcase name="register" time="0.001" classname="Citygoo.Automation.Regression.mobile.Citygoo.Automation.Regression.mobile.AppiumAndroidTest">
    <skipped/>
  </testcase> <!-- register -->
  <testcase name="setUp" time="0.357" classname="Citygoo.Automation.Regression.mobile.Citygoo.Automation.Regression.mobile.AppiumAndroidTest">
    <error type="java.lang.NoClassDefFoundError" message="org/openqa/selenium/ElementClickInterceptedException">
      <![CDATA[java.lang.NoClassDefFoundError: org/openqa/selenium/ElementClickInterceptedException
	at org.openqa.selenium.remote.ErrorCodes.<clinit>(ErrorCodes.java:216)
	at io.appium.java_client.AppiumDriver.<clinit>(AppiumDriver.java:69)
	at Citygoo.Automation.Regression.mobile.Citygoo.Automation.Regression.mobile.AppiumAndroidTest.setUp(AppiumAndroidTest.java:48)
	at sun.reflect.NativeMethodAccessorImpl.invoke0(Native Method)
	at sun.reflect.NativeMethodAccessorImpl.invoke(NativeMethodAccessorImpl.java:62)
	at sun.reflect.DelegatingMethodAccessorImpl.invoke(DelegatingMethodAccessorImpl.java:43)
	at java.lang.reflect.Method.invoke(Method.java:498)
	at org.testng.internal.MethodInvocationHelper.invokeMethod(MethodInvocationHelper.java:108)
	at org.testng.internal.Invoker.invokeConfigurationMethod(Invoker.java:523)
	at org.testng.internal.Invoker.invokeConfigurations(Invoker.java:224)
	at org.testng.internal.Invoker.invokeConfigurations(Invoker.java:146)
	at org.testng.internal.TestMethodWorker.invokeBeforeClassMethods(TestMethodWorker.java:166)
	at org.testng.internal.TestMethodWorker.run(TestMethodWorker.java:105)
	at org.testng.TestRunner.privateRun(TestRunner.java:744)
	at org.testng.TestRunner.run(TestRunner.java:602)
	at org.testng.SuiteRunner.runTest(SuiteRunner.java:380)
	at org.testng.SuiteRunner.runSequentially(SuiteRunner.java:375)
	at org.testng.SuiteRunner.privateRun(SuiteRunner.java:340)
	at org.testng.SuiteRunner.run(SuiteRunner.java:289)
	at org.testng.SuiteRunnerWorker.runSuite(SuiteRunnerWorker.java:52)
	at org.testng.SuiteRunnerWorker.run(SuiteRunnerWorker.java:86)
	at org.testng.TestNG.runSuitesSequentially(TestNG.java:1301)
	at org.testng.TestNG.runSuitesLocally(TestNG.java:1226)
	at org.testng.TestNG.runSuites(TestNG.java:1144)
	at org.testng.TestNG.run(TestNG.java:1115)
	at org.testng.remote.AbstractRemoteTestNG.run(AbstractRemoteTestNG.java:126)
	at org.testng.remote.RemoteTestNG.initAndRun(RemoteTestNG.java:137)
	at org.testng.remote.RemoteTestNG.main(RemoteTestNG.java:58)
Caused by: java.lang.ClassNotFoundException: org.openqa.selenium.ElementClickInterceptedException
	at java.net.URLClassLoader.findClass(URLClassLoader.java:381)
	at java.lang.ClassLoader.loadClass(ClassLoader.java:424)
	at sun.misc.Launcher$AppClassLoader.loadClass(Launcher.java:331)
	at java.lang.ClassLoader.loadClass(ClassLoader.java:357)
	... 28 more
]]>
    </error>
  </testcase> <!-- setUp -->
</testsuite> <!-- Citygoo.Automation.Regression.mobile.Citygoo.Automation.Regression.mobile.AppiumAndroidTest -->
